C51 COMPILER V9.60.0.0   TP6_BSE_LIB_DIVERS                                                12/20/2022 12:00:22 PAGE 1   


C51 COMPILER V9.60.0.0, COMPILATION OF MODULE TP6_BSE_LIB_DIVERS
OBJECT MODULE PLACED IN TP6_BSE_Lib_Divers.OBJ
COMPILER INVOKED BY: C:\Keil_v5\C51\BIN\C51.EXE TP6_BSE_Lib_Divers.C WARNINGLEVEL(0) OPTIMIZE(0,SPEED) BROWSE DEBUG OBJE
                    -CTEXTEND TABS(2)

line level    source

   1          #include "C8051F020.h"
   2          #include "intrins.h"
   3          #include "c8051F020_SFR16.h"
   4          #include "TP6_BSE_Lib_Divers.h"
   5          
   6          //*****************************************************************************  
   7          //*****************************************************************************  
   8          // Software_Delay_10ms -- Temporisation 10ms
   9          //  Pour SYSCLK = 2 MHz - Niveau optimisation 0 du compilateur
  10          //  Vťrifiťe en  simulation
  11          void Software_Delay_10ms(void)
  12             { 
  13   1         unsigned int i;
  14   1         for(i=0;i<998;i++){}
  15   1         }
  16             
  17          //*****************************************************************************  
  18          //*****************************************************************************  
  19          // Software_Delay -- Temporisation paramťtrable
  20          //      Pour SYSCLK = 2 MHz - Niveau optimisation 0 du compilateur
  21          //      Vťrifiťe en  simulation
  22          //      L'argument passť en exprimť en centiŤmes de seconde (dans l'hypothŤse 
  23          //      oý SYSCLK = 2MHz)
  24             
  25           void Software_Delay(unsigned int hundredth_second)
  26             { 
  27   1         unsigned int i;
  28   1         
  29   1         for(i=0;i<hundredth_second;i++)
  30   1            { 
  31   2            Software_Delay_10ms();
  32   2            }
  33   1         }
  34          
  35          //*****************************************************************************  
  36          //*****************************************************************************  
  37          // Software_Delay_10micro -- Temporisation 10 microsecondes
  38          //  Pour SYSCLK = 2 MHz - Niveau optimisation 0 du compilateur
  39          //  Vťrifiťe en  simulation
  40          void Software_Delay_10micro(void)
  41             { 
  42   1          // L'instruction assembleur NOP est introduite directement dans le code.
  43   1          // 1 NOP "consomme" 1 cycle CPU    
  44   1         _nop_();
  45   1         _nop_();
  46   1         _nop_();
  47   1         _nop_();
  48   1         _nop_();
  49   1         _nop_();
  50   1         _nop_();
  51   1         _nop_();   
  52   1         _nop_();      
  53   1         }

C51 COMPILER V9.60.0.0   TP6_BSE_LIB_DIVERS                                                12/20/2022 12:00:22 PAGE 2   


MODULE INFORMATION:   STATIC OVERLAYABLE
   CODE SIZE        =     73    ----
   CONSTANT SIZE    =   ----    ----
   XDATA SIZE       =   ----    ----
   PDATA SIZE       =   ----    ----
   DATA SIZE        =      6    ----
   IDATA SIZE       =   ----    ----
   BIT SIZE         =   ----    ----
END OF MODULE INFORMATION.


C51 COMPILATION COMPLETE.  0 WARNING(S),  0 ERROR(S)
