C51 COMPILER V9.60.0.0   TP6_BSE_MAIN                                                      12/20/2022 12:00:22 PAGE 1   


C51 COMPILER V9.60.0.0, COMPILATION OF MODULE TP6_BSE_MAIN
OBJECT MODULE PLACED IN TP6_BSE_Main.OBJ
COMPILER INVOKED BY: C:\Keil_v5\C51\BIN\C51.EXE TP6_BSE_Main.C WARNINGLEVEL(0) OPTIMIZE(0,SPEED) BROWSE DEBUG OBJECTEXTE
                    -ND TABS(2)

line level    source

   1          //*****************************************************************************
   2          // Fichiers d'entęte
   3          #include "intrins.h"
   4          #include<c8051F020.h>
   5          #include<c8051F020_SFR16.h>
   6          #include<TP6_BSE_Lib_Config_Globale.h>
   7          #include<TP6_BSE_Lib_Divers.h>
   8          #include<TP6_BSE_Main.h>
   9          //-----------------------------------------------------------------------------
  10          // Déclaration des MACROS
  11          
  12          #define SYSCLK 22118400L
  13          #define BP_ON 0
  14          #define BP_OFF 1
  15          #define TO_BE_PROCESSED 1
  16          #define PROCESSED 0
  17          #define SET_VISU_INT6 P6 |= (1<<4)
  18          #define RESET_VISU_INT6 P6 &= ~(1<<4)
  19          //-----------------------------------------------------------------------------
  20          // Déclarations Registres et Bits de l'espace SFR
  21          sbit VISU_INT7 = P2^4;
  22          sbit VISU_INT_TIMER2 = P3^5;
  23          sbit VISU_INT_TIMER4 = P3^4;
  24          sbit SIG_OUT = P3^3;
  25          //-----------------------------------------------------------------------------
  26          // Variables globales
  27          
  28          bit Event = PROCESSED;  // Détection des évčnements pour changer le clignotement de la LED
  29          unsigned int Event_to_Count = 100 ; //Valeur du comptage d'évčnements 
  30          long frequence = 0;  // Fréquence calculée de SIG_IN
  31          unsigned int CP_Overflow_Timer4; // Compteur d'overflows du Timer4
  32          //-----------------------------------------------------------------------------
  33          // MAIN Routine
  34          //-----------------------------------------------------------------------------
  35          void main (void) {
  36   1        
  37   1      
  38   1      
  39   1           // Configurations globales
  40   1              Init_Device();
  41   1             
  42   1           // Configurations  spécifiques  
  43   1              Config_INT7(); // Configuration de INT7
  44   1              Config_INT6(); // Configuration de INT6
  45   1              Config_Timer2_TimeBase();
  46   1              Config_Timer4_Event_Counter();
  47   1           // Fin des configurations
  48   1              
  49   1              EA = 1;  // Validation globale des interruptions
  50   1        
  51   1      // Boucle infinie 
  52   1               while(1) {
  53   2                  
  54   2               
C51 COMPILER V9.60.0.0   TP6_BSE_MAIN                                                      12/20/2022 12:00:22 PAGE 2   

  55   2               }
  56   1                                    
  57   1            }
  58          //******************************************************************************
  59          void Config_INT7(void)
  60          {
  61   1        P3IF &= ~(1<<7); // IE7 mis ŕ 0 pending flag de INT7 effacé
  62   1        P3IF &= ~(1<<3); // IE7CF mis ŕ 0 - sensibilité int7 front descendant 
  63   1        
  64   1        EIP2 &= ~(1<<5);  // PX7 mis ŕ 0 - INT7 priorité basse
  65   1        EIE2 |= (1<<5);  // EX7 mis ŕ 1 - INT7 autorisée
  66   1      }
  67          //******************************************************************************
  68          void ISR_INT7 (void) interrupt 19
  69          {
  70   1        VISU_INT7 = 1;
  71   1        P3IF &= ~(1<<7); // IE3 mis ŕ 0 - remise ŕ zéro du pending flag de INT7 effacé
  72   1        Event = TO_BE_PROCESSED;
  73   1        VISU_INT7 = 0;
  74   1      } 
  75          
  76          //*****************************************************************************  
  77          //******************************************************************************
  78          void Config_INT6(void)
  79          {
  80   1        P3IF &= ~(1<<7); // IE6 mis ŕ 0 pending flag de INT6 effacé
  81   1        P3IF &= ~(1<<2); // IE6CF mis ŕ 0 - sensibilité int6 front descendant 
  82   1        
  83   1        EIP2 &= ~(1<<4);  // PX6 mis ŕ 0 - INT7 priorité basse
  84   1        EIE2 |= (1<<4);  // EX6 mis ŕ 1 - INT7 autorisée
  85   1      }
  86          
  87          //******************************************************************************
  88          void ISR_INT6 (void) interrupt 18
  89          {
  90   1        SET_VISU_INT6;
  91   1        P3IF &= ~(1<<6); // IE6 mis ŕ 0 - remise ŕ zéro du pending flag de INT6 effacé
  92   1        P3IF ^= (1<<2);   // Action sur IE6CF - Commutation Front montant / Front Descendant
  93   1        Event = TO_BE_PROCESSED;
  94   1        RESET_VISU_INT6;
  95   1      } 
  96          
  97          //*****************************************************************************  
  98          //******************************************************************************
  99          void Config_Timer2_TimeBase(void)
 100          {
 101   1        CKCON &= ~(1<<5);         // T2M: Timer 2 Clock Select
 102   1                               // CLK = sysclk/12TR2 = 0;  //Stop Timer
 103   1        TF2 = 0;  // RAZ TF2
 104   1        EXF2 = 0;  // RAZ EXF2
 105   1        RCLK0 = 0;         
 106   1        TCLK0 = 0;
 107   1        CPRL2 = 0;  // Mode AutoReload  
 108   1        EXEN2 = 0;   // Timer2 external Enable Disabled 
 109   1        CT2 = 0;    // Mode Timer
 110   1      
 111   1        RCAP2 = -((SYSCLK/12)/100);
 112   1        T2 = RCAP2;
 113   1        TR2 = 1;                           // Timer2 démarré
 114   1        PT2 = 1;                // Priorité Timer2 Haute
 115   1      
 116   1         ET2 = 1;               // INT Timer2 autorisée
C51 COMPILER V9.60.0.0   TP6_BSE_MAIN                                                      12/20/2022 12:00:22 PAGE 3   

 117   1      }
 118          
 119          //******************************************************************************
 120          void ISR_Timer2 (void) interrupt 5
 121          {
 122   1        static char CP_Seconde = 0;
 123   1        char Read_Cfg_Event;
 124   1        static unsigned int CP_Timer4 = 0;
 125   1        static unsigned int OLD_CP_Timer4 = 0;
 126   1      
 127   1        VISU_INT_TIMER2 = 1;
 128   1        
 129   1        
 130   1        if (TF2 == 1)
 131   1        {
 132   2          TF2 = 0;
 133   2        
 134   2        // Gestion de la mesure de frequence - Synthčse
 135   2        // Le calcul de la fréquence est fait toutes les secondes   
 136   2        CP_Seconde++;
 137   2        if (CP_Seconde >= 100) 
 138   2        {
 139   3          CP_Seconde = 0;
 140   3          T4CON &= ~(1<<2);   // TR4 = 0 -- Timer4 stoppé
 141   3          CP_Timer4 = T4;     // Lecture Compteur Timer4
 142   3          T4CON |= (1<<2);   // TR4 = 1 -- Timer4 redémarré
 143   3          // Fréquence = nbre total d'évčnements par seconde
 144   3          frequence = ((CP_Overflow_Timer4) * (long)Event_to_Count) +
 145   3                      (int)(CP_Timer4 - OLD_CP_Timer4);
 146   3          printf("frequence : %d\n", frequence);
*** ERROR C267 IN LINE 146 OF TP6_BSE_Main.C: 'printf': requires ANSI-style prototype
 147   3          OLD_CP_Timer4 = CP_Timer4;
 148   3          CP_Overflow_Timer4 = 0;
 149   3          
 150   3        } 
 151   2        // Gestion des évčnements INT6 et INT7
 152   2          Event_to_Count = 1000; 
 153   2      
 154   2          }
 155   1        
 156   1        // Sécurité: si EXF2 est ŕ 1 - RAZ de EXF2  
 157   1        if (EXF2 == 1)
 158   1        {
 159   2          EXF2 = 0;
 160   2        }
 161   1        
 162   1        VISU_INT_TIMER2 = 0;
 163   1      } 
 164          
 165          
 166          //******************************************************************************
 167          void Config_Timer4_Event_Counter(void)
 168          {
 169   1        // Timer 4 configuré en compteur d'évčnements SIG_IN
 170   1        // SIG_IN câblé sur l'entrée T4 du Timer4
 171   1        
 172   1        // Timer4 en mode autorechargement
 173   1        // Mode Counter
 174   1        // CLKTimer = SIG_IN
 175   1        // Valeur rechargement= (65536 - Nbre_Event_to_count)
 176   1        // L'overflow, et donc l'interruption Timer4 signale le comptage de 100 évčnements
 177   1        T4CON = 0x02;   // Flags TF4 et EXF4 effacés
C51 COMPILER V9.60.0.0   TP6_BSE_MAIN                                                      12/20/2022 12:00:22 PAGE 4   

 178   1                        // RCLK1 et TCLK1 ŕ zéro
 179   1                        // Transitions sur T4EX ignorées
 180   1                        // Timer stoppé
 181   1                        // Timer en mode counter
 182   1                        // Mode auto-reload
 183   1        RCAP4 = 65536-Event_to_Count;
 184   1        T4 = RCAP4;
 185   1        T4CON |= (1<<2);      // TR4 = 1 -- Timer2 démarré
 186   1        EIP2 |= (1<<2);      //PT4 = 0 -- Priorité Timer4 haute
 187   1        EIE2 |= (1<<2);      //ET4 = 1 --  INT Timer4 autorisée
 188   1      }
 189          
 190          //******************************************************************************
 191          void ISR_Timer4 (void) interrupt 16
 192          {
 193   1        
 194   1        
 195   1        VISU_INT_TIMER4 = 1; 
 196   1        
 197   1        if ((T4CON & (1<<7)) != 0)   // Test TF4 = 1
 198   1        {
 199   2          T4CON &= ~(1<<7);    // RAZ TF4
 200   2          SIG_OUT = !SIG_OUT;   // Génération SIG_OUT
 201   2          // Prise en compte d'un comptage d'évčnements configurable
 202   2          // La lecture de la config 10-100-1000-10000 est faite dans ISR_Timer2
 203   2          RCAP4 = 65536 - Event_to_Count; //Reload compteur d'évčnements
 204   2          // Comptage des overflows (pour compter au delŕ de 65536)   
 205   2          CP_Overflow_Timer4++;
 206   2        }
 207   1        
 208   1        // Sécurité si T4EX est ŕ 1
 209   1        if ((T4CON & (1<<6)) != 0)   // Au cas oů: Test EXF4 = 1
 210   1        { T4CON &= ~(1<<6); } // RAZ EXF4     
 211   1        
 212   1        VISU_INT_TIMER4 = 0;
 213   1      } 

C51 COMPILATION COMPLETE.  0 WARNING(S),  1 ERROR(S)
