A51 MACRO ASSEMBLER  CODE4_TP2                                                            05/03/2022 12:05:13 PAGE     1


MACRO ASSEMBLER A51 V8.2.7.0
OBJECT MODULE PLACED IN CODE4_TP2.OBJ
ASSEMBLER INVOKED BY: C:\Keil_v5\C51\BIN\A51.EXE CODE4_TP2.asm NOMOD51 SET(SMALL) DEBUG EP

LOC  OBJ            LINE     SOURCE

                       1     ;-----------------------------------------------------------------------------
                       2     ;  FILE NAME   : CODE4_TP2.asm
                       3     ;  TARGET MCU  :  C8051F020
                       4     ;  A FAIRE:
                       5     ;
                       6     ; IMPORTANT: ŕ chaque fois qu'apparait "Concluez" vous devez ajouter dans ce fichier
                       7     ; des explications sous forme de commentaire.
                       8     ; - Tester le programme - Vérifier le calcul correct de la factorielle
                       9     ; - Concluez : Pour chaque essai (1,2 et 3) indiquez les éléments suivants:
                      10     ;          + taille maximale occupée par la pile en octet
                      11     ;          + zone mémoire occupée par la pile (de la mémoire d'adresse XX
                      12     ;            ŕ la mémoire d'adresse YY)
                      13     ;          + détailler le contenu de la pile (il ne s'agit pas de recopier
                      14     ;            le contenu de la pile, mais d'expliquer ŕ quoi ils correspondent)
                      15     ;          + expliquer ŕ quelle moment la pile a une taille maximale
                      16     
                      17     ;       Essai 1 : Calcul correct de la factorielle
                      18     ; - La taille de la pile est de 7 octets 
                      19     ; - La zone mémoire occupée par la pile va de la mémoire d'adresse 1bH
                      20     ;   ŕ la mémoire d'adresse 22H
                      21     ; - Il correspond ŕ un appel récursif de la fonction factorielle.
                      22     ; - La pile atteint sa taille maximale ŕ la fin de la fonction FACT
                      23     
                      24     
                      25     ;       Essai 2 : 
                      26     ; - La taille de la pile est de 12 octets 
                      27     ; - La zone mémoire occupée par la pile va de la mémoire d'adresse 1bH
                      28     ;   ŕ la mémoire d'adresse 28H
                      29     ; - Il correspond ŕ un appel récursif de la fonction factorielle.
                      30     ; - La pile atteint sa taille maximale au dernier appel de la fonction FACT (Le 3čme)
                      31     
                      32     
                      33     ;       Essai 3 : 
                      34     ; - La taille de la pile est de 28 octets 
                      35     ; - La zone mémoire occupée par la pile va de la mémoire d'adresse 1bH
                      36     ;   ŕ la mémoire d'adresse 36H
                      37     ; - Il correspond ŕ un appel récursif de la fonction factorielle.
                      38     ; - La pile atteint sa taille maximale au dernier appel de la fonction FACT (Le 11čme)
                      39     
                      40     
                      41     ; - Concluez ou plutôt expliquez la consigne de segmentation relative ŕ la pile
                      42     ;   lignes 45 ŕ 50 (voir Poly "Doc TP" chapitre "Macra assembleur 8051")
                      43     ;Dans la partie idata on crée un segment nomé seg_stack et dans ce segment
                      44     ;on créé une partie de taille 12
                      45     ;   
                      46     
                      47     
                      48     ; - Concluez: quels commentaires pouvez-vous faire sur la consigne de segmentation
                      49     ;   de la pile donnée et sur l'utilisation effective de la file dans cet exercice
                      50     ;   Proposez une solution corrective.
                      51     ;Dans le tp la taiile de la pile effective est bien plus grande que celle qui lui est allou
                             é initialement 
                      52     ;pour corriger cela il suffit d'augmenter la taille de seg_stack lors de son initialisation
                              ŕ la taille
                      53     ;maximale de la pile lors de l'utilisation de notre programme.
                      54     ;   
                      55     
                      56     
A51 MACRO ASSEMBLER  CODE4_TP2                                                            05/03/2022 12:05:13 PAGE     2

                      57     ;   Concluez - bilan de cet exercice - quels sont les rčgles ŕ déduire de ct exercice
                      58     ;   au sujet de la gestion de la pile? 
                      59     ;Attention ŕ bien prevoir la taille de la pile pour ne pas detruire d'autres informations.
                      60     ;   
                      61     
                      62     
                      63     ;-----------------------------------------------------------------------------
                      64     ;$include (c8051f020.inc) ; Include register definition file.
                +1    65     ;-----------------------------------------------------------------------------
                +1    66     ;       
                +1    67     ;       
                +1    68     ;
                +1    69     ;
                +1    70     ;       FILE NAME       : C8051F020.INC 
                +1    71     ;       TARGET MCUs     : C8051F020, 'F021, 'F022, 'F023 
                +1    72     ;       DESCRIPTION     : Register/bit definitions for the C8051F02x product family.  
                +1    73     ;
                +1    74     ;       REVISION 1.0    
                +1    75     ;
                +1    76     ;-----------------------------------------------------------------------------
                +1    77     ;REGISTER DEFINITIONS
                +1    78     ;
  0080          +1    79     P0       DATA  080H   ; PORT 0
  0081          +1    80     SP       DATA  081H   ; STACK POINTER
  0082          +1    81     DPL      DATA  082H   ; DATA POINTER - LOW BYTE
  0083          +1    82     DPH      DATA  083H   ; DATA POINTER - HIGH BYTE
  0084          +1    83     P4       DATA  084H   ; PORT 4
  0085          +1    84     P5       DATA  085H   ; PORT 5
  0086          +1    85     P6       DATA  086H   ; PORT 6
  0087          +1    86     PCON     DATA  087H   ; POWER CONTROL
  0088          +1    87     TCON     DATA  088H   ; TIMER CONTROL
  0089          +1    88     TMOD     DATA  089H   ; TIMER MODE
  008A          +1    89     TL0      DATA  08AH   ; TIMER 0 - LOW BYTE
  008B          +1    90     TL1      DATA  08BH   ; TIMER 1 - LOW BYTE
  008C          +1    91     TH0      DATA  08CH   ; TIMER 0 - HIGH BYTE
  008D          +1    92     TH1      DATA  08DH   ; TIMER 1 - HIGH BYTE
  008E          +1    93     CKCON    DATA  08EH   ; CLOCK CONTROL
  008F          +1    94     PSCTL    DATA  08FH   ; PROGRAM STORE R/W CONTROL
  0090          +1    95     P1       DATA  090H   ; PORT 1
  0091          +1    96     TMR3CN   DATA  091H   ; TIMER 3 CONTROL
  0092          +1    97     TMR3RLL  DATA  092H   ; TIMER 3 RELOAD REGISTER - LOW BYTE
  0093          +1    98     TMR3RLH  DATA  093H   ; TIMER 3 RELOAD REGISTER - HIGH BYTE
  0094          +1    99     TMR3L    DATA  094H   ; TIMER 3 - LOW BYTE
  0095          +1   100     TMR3H    DATA  095H   ; TIMER 3 - HIGH BYTE
  0096          +1   101     P7       DATA  096H   ; PORT 7
  0098          +1   102     SCON0    DATA  098H   ; SERIAL PORT 0 CONTROL
  0099          +1   103     SBUF0    DATA  099H   ; SERIAL PORT 0 BUFFER
  009A          +1   104     SPI0CFG  DATA  09AH   ; SERIAL PERIPHERAL INTERFACE 0 CONFIGURATION
  009B          +1   105     SPI0DAT  DATA  09BH   ; SERIAL PERIPHERAL INTERFACE 0 DATA
  009C          +1   106     ADC1     DATA  09CH   ; ADC 1 DATA
  009D          +1   107     SPI0CKR  DATA  09DH   ; SERIAL PERIPHERAL INTERFACE 0 CLOCK RATE CONTROL
  009E          +1   108     CPT0CN   DATA  09EH   ; COMPARATOR 0 CONTROL
  009F          +1   109     CPT1CN   DATA  09FH   ; COMPARATOR 1 CONTROL 
  00A0          +1   110     P2       DATA  0A0H   ; PORT 2
  00A1          +1   111     EMI0TC   DATA  0A1H   ; EMIF TIMING CONTROL
  00A3          +1   112     EMI0CF   DATA  0A3H   ; EXTERNAL MEMORY INTERFACE (EMIF) CONFIGURATION
  00A4          +1   113     P0MDOUT  DATA  0A4H   ; PORT 0 OUTPUT MODE CONFIGURATION
  00A5          +1   114     P1MDOUT  DATA  0A5H   ; PORT 1 OUTPUT MODE CONFIGURATION
  00A6          +1   115     P2MDOUT  DATA  0A6H   ; PORT 2 OUTPUT MODE CONFIGURATION
  00A7          +1   116     P3MDOUT  DATA  0A7H   ; PORT 3 OUTPUT MODE CONFIGURATION
  00A8          +1   117     IE       DATA  0A8H   ; INTERRUPT ENABLE
  00A9          +1   118     SADDR0   DATA  0A9H   ; SERIAL PORT 0 SLAVE ADDRESS
  00AA          +1   119     ADC1CN  DATA  0AAH   ; ADC 1 CONTROL
  00AB          +1   120     ADC1CF   DATA  0ABH   ; ADC 1 ANALOG MUX CONFIGURATION
  00AC          +1   121     AMX1SL   DATA  0ACH   ; ADC 1 ANALOG MUX CHANNEL SELECT
  00AD          +1   122     P3IF     DATA  0ADH   ; PORT 3 EXTERNAL INTERRUPT FLAGS
A51 MACRO ASSEMBLER  CODE4_TP2                                                            05/03/2022 12:05:13 PAGE     3

  00AE          +1   123     SADEN1   DATA  0AEH   ; SERIAL PORT 1 SLAVE ADDRESS MASK
  00AF          +1   124     EMI0CN   DATA  0AFH   ; EXTERNAL MEMORY INTERFACE CONTROL
  00B0          +1   125     P3       DATA  0B0H   ; PORT 3
  00B1          +1   126     OSCXCN   DATA  0B1H   ; EXTERNAL OSCILLATOR CONTROL
  00B2          +1   127     OSCICN   DATA  0B2H   ; INTERNAL OSCILLATOR CONTROL
  00B5          +1   128     P74OUT   DATA  0B5H   ; PORTS 4 - 7 OUTPUT MODE
  00B6          +1   129     FLSCL    DATA  0B6H   ; FLASH MEMORY TIMING PRESCALER
  00B7          +1   130     FLACL    DATA  0B7H   ; FLASH ACESS LIMIT 
  00B8          +1   131     IP       DATA  0B8H   ; INTERRUPT PRIORITY
  00B9          +1   132     SADEN0   DATA  0B9H   ; SERIAL PORT 0 SLAVE ADDRESS MASK
  00BA          +1   133     AMX0CF   DATA  0BAH   ; ADC 0 MUX CONFIGURATION
  00BB          +1   134     AMX0SL   DATA  0BBH   ; ADC 0 MUX CHANNEL SELECTION
  00BC          +1   135     ADC0CF   DATA  0BCH   ; ADC 0 CONFIGURATION
  00BD          +1   136     P1MDIN   DATA  0BDH   ; PORT 1 INPUT MODE
  00BE          +1   137     ADC0L    DATA  0BEH   ; ADC 0 DATA - LOW BYTE
  00BF          +1   138     ADC0H    DATA  0BFH   ; ADC 0 DATA - HIGH BYTE 
  00C0          +1   139     SMB0CN   DATA  0C0H   ; SMBUS 0 CONTROL
  00C1          +1   140     SMB0STA  DATA  0C1H   ; SMBUS 0 STATUS
  00C2          +1   141     SMB0DAT  DATA  0C2H   ; SMBUS 0 DATA 
  00C3          +1   142     SMB0ADR  DATA  0C3H   ; SMBUS 0 SLAVE ADDRESS
  00C4          +1   143     ADC0GTL  DATA  0C4H   ; ADC 0 GREATER-THAN REGISTER - LOW BYTE
  00C5          +1   144     ADC0GTH  DATA  0C5H   ; ADC 0 GREATER-THAN REGISTER - HIGH BYTE
  00C6          +1   145     ADC0LTL  DATA  0C6H   ; ADC 0 LESS-THAN REGISTER - LOW BYTE
  00C7          +1   146     ADC0LTH  DATA  0C7H   ; ADC 0 LESS-THAN REGISTER - HIGH BYTE
  00C8          +1   147     T2CON    DATA  0C8H   ; TIMER 2 CONTROL
  00C9          +1   148     T4CON    DATA  0C9H   ; TIMER 4 CONTROL
  00CA          +1   149     RCAP2L   DATA  0CAH   ; TIMER 2 CAPTURE REGISTER - LOW BYTE
  00CB          +1   150     RCAP2H   DATA  0CBH   ; TIMER 2 CAPTURE REGISTER - HIGH BYTE
  00CC          +1   151     TL2      DATA  0CCH   ; TIMER 2 - LOW BYTE
  00CD          +1   152     TH2      DATA  0CDH   ; TIMER 2 - HIGH BYTE
  00CF          +1   153     SMB0CR   DATA  0CFH   ; SMBUS 0 CLOCK RATE
  00D0          +1   154     PSW      DATA  0D0H   ; PROGRAM STATUS WORD
  00D1          +1   155     REF0CN   DATA  0D1H   ; VOLTAGE REFERENCE 0 CONTROL
  00D2          +1   156     DAC0L    DATA  0D2H   ; DAC 0 REGISTER - LOW BYTE
  00D3          +1   157     DAC0H    DATA  0D3H   ; DAC 0 REGISTER - HIGH BYTE
  00D4          +1   158     DAC0CN   DATA  0D4H   ; DAC 0 CONTROL
  00D5          +1   159     DAC1L    DATA  0D5H   ; DAC 1 REGISTER - LOW BYTE
  00D6          +1   160     DAC1H    DATA  0D6H   ; DAC 1 REGISTER - HIGH BYTE
  00D7          +1   161     DAC1CN   DATA  0D7H   ; DAC 1 CONTROL
  00D8          +1   162     PCA0CN   DATA  0D8H   ; PCA 0 COUNTER CONTROL
  00D9          +1   163     PCA0MD   DATA  0D9H   ; PCA 0 COUNTER MODE
  00DA          +1   164     PCA0CPM0 DATA  0DAH   ; CONTROL REGISTER FOR PCA 0 MODULE 0
  00DB          +1   165     PCA0CPM1 DATA  0DBH   ; CONTROL REGISTER FOR PCA 0 MODULE 1
  00DC          +1   166     PCA0CPM2 DATA  0DCH   ; CONTROL REGISTER FOR PCA 0 MODULE 2
  00DD          +1   167     PCA0CPM3 DATA  0DDH   ; CONTROL REGISTER FOR PCA 0 MODULE 3
  00DE          +1   168     PCA0CPM4 DATA  0DEH   ; CONTROL REGISTER FOR PCA 0 MODULE 4
  00E0          +1   169     ACC      DATA  0E0H   ; ACCUMULATOR
  00E1          +1   170     XBR0     DATA  0E1H   ; DIGITAL CROSSBAR CONFIGURATION REGISTER 0
  00E2          +1   171     XBR1     DATA  0E2H   ; DIGITAL CROSSBAR CONFIGURATION REGISTER 1
  00E3          +1   172     XBR2     DATA  0E3H   ; DIGITAL CROSSBAR CONFIGURATION REGISTER 2
  00E4          +1   173     RCAP4L   DATA  0E4H   ; TIMER 4 CAPTURE REGISTER - LOW BYTE
  00E5          +1   174     RCAP4H   DATA  0E5H   ; TIMER 4 CAPTURE REGISTER - HIGH BYTE
  00E6          +1   175     EIE1     DATA  0E6H   ; EXTERNAL INTERRUPT ENABLE 1
  00E7          +1   176     EIE2     DATA  0E7H   ; EXTERNAL INTERRUPT ENABLE 2
  00E8          +1   177     ADC0CN   DATA  0E8H   ; ADC 0 CONTROL
  00E9          +1   178     PCA0L    DATA  0E9H   ; PCA 0 TIMER - LOW BYTE
  00EA          +1   179     PCA0CPL0 DATA  0EAH   ; CAPTURE/COMPARE REGISTER FOR PCA 0 MODULE 0 - LOW BYTE
  00EB          +1   180     PCA0CPL1 DATA  0EBH   ; CAPTURE/COMPARE REGISTER FOR PCA 0 MODULE 1 - LOW BYTE
  00EC          +1   181     PCA0CPL2 DATA  0ECH   ; CAPTURE/COMPARE REGISTER FOR PCA 0 MODULE 2 - LOW BYTE
  00ED          +1   182     PCA0CPL3 DATA  0EDH   ; CAPTURE/COMPARE REGISTER FOR PCA 0 MODULE 3 - LOW BYTE
  00EE          +1   183     PCA0CPL4 DATA  0EEH   ; CAPTURE/COMPARE REGISTER FOR PCA 0 MODULE 4 - LOW BYTE
  00EF          +1   184     RSTSRC   DATA  0EFH   ; RESET SOURCE 
  00F0          +1   185     B        DATA  0F0H   ; B REGISTER
  00F1          +1   186     SCON1    DATA  0F1H   ; SERIAL PORT 1 CONTROL
  00F2          +1   187     SBUF1    DATA  0F2H   ; SERAIL PORT 1 DATA
  00F3          +1   188     SADDR1   DATA  0F3H   ; SERAIL PORT 1 
A51 MACRO ASSEMBLER  CODE4_TP2                                                            05/03/2022 12:05:13 PAGE     4

  00F4          +1   189     TL4      DATA  0F4H   ; TIMER 4 DATA - LOW BYTE
  00F5          +1   190     TH4      DATA  0F5H   ; TIMER 4 DATA - HIGH BYTE
  00F6          +1   191     EIP1     DATA  0F6H   ; EXTERNAL INTERRUPT PRIORITY REGISTER 1
  00F7          +1   192     EIP2     DATA  0F7H   ; EXTERNAL INTERRUPT PRIORITY REGISTER 2
  00F8          +1   193     SPI0CN   DATA  0F8H   ; SERIAL PERIPHERAL INTERFACE 0 CONTROL 
  00F9          +1   194     PCA0H    DATA  0F9H   ; PCA 0 TIMER - HIGH BYTE
  00FA          +1   195     PCA0CPH0 DATA  0FAH   ; CAPTURE/COMPARE REGISTER FOR PCA 0 MODULE 0 - HIGH BYTE
  00FB          +1   196     PCA0CPH1 DATA  0FBH   ; CAPTURE/COMPARE REGISTER FOR PCA 0 MODULE 1 - HIGH BYTE
  00FC          +1   197     PCA0CPH2 DATA  0FCH   ; CAPTURE/COMPARE REGISTER FOR PCA 0 MODULE 2 - HIGH BYTE
  00FD          +1   198     PCA0CPH3 DATA  0FDH   ; CAPTURE/COMPARE REGISTER FOR PCA 0 MODULE 3 - HIGH BYTE
  00FE          +1   199     PCA0CPH4 DATA  0FEH   ; CAPTURE/COMPARE REGISTER FOR PCA 0 MODULE 4 - HIGH BYTE
  00FF          +1   200     WDTCN    DATA  0FFH   ; WATCHDOG TIMER CONTROL 
                +1   201     ;
                +1   202     ;------------------------------------------------------------------------------
                +1   203     ;BIT DEFINITIONS
                +1   204     ;
                +1   205     ; TCON 88H
  0088          +1   206     IT0      BIT   TCON.0 ; EXT. INTERRUPT 0 TYPE
  0089          +1   207     IE0      BIT   TCON.1 ; EXT. INTERRUPT 0 EDGE FLAG
  008A          +1   208     IT1      BIT   TCON.2 ; EXT. INTERRUPT 1 TYPE
  008B          +1   209     IE1      BIT   TCON.3 ; EXT. INTERRUPT 1 EDGE FLAG
  008C          +1   210     TR0      BIT   TCON.4 ; TIMER 0 ON/OFF CONTROL
  008D          +1   211     TF0      BIT   TCON.5 ; TIMER 0 OVERFLOW FLAG
  008E          +1   212     TR1      BIT   TCON.6 ; TIMER 1 ON/OFF CONTROL
  008F          +1   213     TF1      BIT   TCON.7 ; TIMER 1 OVERFLOW FLAG
                +1   214     ;
                +1   215     ; SCON0 98H
  0098          +1   216     RI       BIT   SCON0.0 ; RECEIVE INTERRUPT FLAG
  0099          +1   217     TI       BIT   SCON0.1 ; TRANSMIT INTERRUPT FLAG
  009A          +1   218     RB8      BIT   SCON0.2 ; RECEIVE BIT 8
  009B          +1   219     TB8      BIT   SCON0.3 ; TRANSMIT BIT 8
  009C          +1   220     REN      BIT   SCON0.4 ; RECEIVE ENABLE
  009D          +1   221     SM2      BIT   SCON0.5 ; MULTIPROCESSOR COMMUNICATION ENABLE
  009E          +1   222     SM1      BIT   SCON0.6 ; SERIAL MODE CONTROL BIT 1
  009F          +1   223     SM0      BIT   SCON0.7 ; SERIAL MODE CONTROL BIT 0
                +1   224     ; 
                +1   225     ; IE A8H
  00A8          +1   226     EX0      BIT   IE.0   ; EXTERNAL INTERRUPT 0 ENABLE
  00A9          +1   227     ET0      BIT   IE.1   ; TIMER 0 INTERRUPT ENABLE
  00AA          +1   228     EX1      BIT   IE.2   ; EXTERNAL INTERRUPT 1 ENABLE
  00AB          +1   229     ET1      BIT   IE.3   ; TIMER 1 INTERRUPT ENABLE
  00AC          +1   230     ES       BIT   IE.4   ; SERIAL PORT INTERRUPT ENABLE
  00AD          +1   231     ET2      BIT   IE.5   ; TIMER 2 INTERRUPT ENABLE
  00AF          +1   232     EA       BIT   IE.7   ; GLOBAL INTERRUPT ENABLE
                +1   233     ;
                +1   234     ; IP B8H
  00B8          +1   235     PX0      BIT   IP.0   ; EXTERNAL INTERRUPT 0 PRIORITY
  00B9          +1   236     PT0      BIT   IP.1   ; TIMER 0 PRIORITY
  00BA          +1   237     PX1      BIT   IP.2   ; EXTERNAL INTERRUPT 1 PRIORITY
  00BB          +1   238     PT1      BIT   IP.3   ; TIMER 1 PRIORITY
  00BC          +1   239     PS       BIT   IP.4   ; SERIAL PORT PRIORITY
  00BD          +1   240     PT2      BIT   IP.5   ; TIMER 2 PRIORITY
                +1   241     ;
                +1   242     ; SMB0CN C0H
  00C0          +1   243     SMBTOE   BIT   SMB0CN.0 ; SMBUS 0 TIMEOUT ENABLE
  00C1          +1   244     SMBFTE   BIT   SMB0CN.1 ; SMBUS 0 FREE TIMER ENABLE
  00C2          +1   245     AA       BIT   SMB0CN.2 ; SMBUS 0 ASSERT/ACKNOWLEDGE FLAG
  00C3          +1   246     SI       BIT   SMB0CN.3 ; SMBUS 0 INTERRUPT PENDING FLAG
  00C4          +1   247     STO      BIT   SMB0CN.4 ; SMBUS 0 STOP FLAG
  00C5          +1   248     STA      BIT   SMB0CN.5 ; SMBUS 0 START FLAG
  00C6          +1   249     ENSMB    BIT   SMB0CN.6 ; SMBUS 0 ENABLE 
                +1   250     ;
                +1   251     ; T2CON C8H
  00C8          +1   252     CPRL2    BIT   T2CON.0 ; CAPTURE OR RELOAD SELECT
  00C9          +1   253     CT2      BIT   T2CON.1 ; TIMER OR COUNTER SELECT
  00CA          +1   254     TR2      BIT   T2CON.2 ; TIMER 2 ON/OFF CONTROL
A51 MACRO ASSEMBLER  CODE4_TP2                                                            05/03/2022 12:05:13 PAGE     5

  00CB          +1   255     EXEN2    BIT   T2CON.3 ; TIMER 2 EXTERNAL ENABLE FLAG
  00CC          +1   256     TCLK     BIT   T2CON.4 ; TRANSMIT CLOCK FLAG
  00CD          +1   257     RCLK     BIT   T2CON.5 ; RECEIVE CLOCK FLAG
  00CE          +1   258     EXF2     BIT   T2CON.6 ; EXTERNAL FLAG
  00CF          +1   259     TF2      BIT   T2CON.7 ; TIMER 2 OVERFLOW FLAG
                +1   260     ;
                +1   261     ; PSW D0H
  00D0          +1   262     P        BIT   PSW.0  ; ACCUMULATOR PARITY FLAG
  00D1          +1   263     F1       BIT   PSW.1  ; USER FLAG 1
  00D2          +1   264     OV       BIT   PSW.2  ; OVERFLOW FLAG
  00D3          +1   265     RS0      BIT   PSW.3  ; REGISTER BANK SELECT 0
  00D4          +1   266     RS1      BIT   PSW.4  ; REGISTER BANK SELECT 1
  00D5          +1   267     F0       BIT   PSW.5  ; USER FLAG 0
  00D6          +1   268     AC       BIT   PSW.6  ; AUXILIARY CARRY FLAG
  00D7          +1   269     CY       BIT   PSW.7  ; CARRY FLAG
                +1   270     ;
                +1   271     ; PCA0CN D8H
  00D8          +1   272     CCF0     BIT   PCA0CN.0 ; PCA 0 MODULE 0 INTERRUPT FLAG
  00D9          +1   273     CCF1     BIT   PCA0CN.1 ; PCA 0 MODULE 1 INTERRUPT FLAG
  00DA          +1   274     CCF2     BIT   PCA0CN.2 ; PCA 0 MODULE 2 INTERRUPT FLAG
  00DB          +1   275     CCF3     BIT   PCA0CN.3 ; PCA 0 MODULE 3 INTERRUPT FLAG
  00DC          +1   276     CCF4     BIT   PCA0CN.4 ; PCA 0 MODULE 4 INTERRUPT FLAG
  00DE          +1   277     CR       BIT   PCA0CN.6 ; PCA 0 COUNTER RUN CONTROL BIT
  00DF          +1   278     CF       BIT   PCA0CN.7 ; PCA 0 COUNTER OVERFLOW FLAG
                +1   279     ;
                +1   280     ; ADC0CN E8H
  00E8          +1   281     AD0LJST  BIT   ADC0CN.0 ; ADC 0 RIGHT JUSTIFY DATA BIT
  00E9          +1   282     AD0WINT  BIT   ADC0CN.1 ; ADC 0 WINDOW COMPARE INTERRUPT FLAG
  00EA          +1   283     AD0STM0  BIT   ADC0CN.2 ; ADC 0 START OF CONVERSION MODE BIT 0
  00EB          +1   284     AD0STM1  BIT   ADC0CN.3 ; ADC 0 START OF CONVERSION MODE BIT 1
  00EC          +1   285     AD0BUSY  BIT   ADC0CN.4 ; ADC 0 BUSY FLAG
  00ED          +1   286     AD0INT   BIT   ADC0CN.5 ; ADC 0 CONVERISION COMPLETE INTERRUPT FLAG 
  00EE          +1   287     AD0TM    BIT   ADC0CN.6 ; ADC 0 TRACK MODE
  00EF          +1   288     AD0EN    BIT   ADC0CN.7 ; ADC 0 ENABLE
                +1   289     ;
                +1   290     ; SPI0CN F8H
  00F8          +1   291     SPIEN    BIT   SPI0CN.0 ; SPI 0 SPI ENABLE
  00F9          +1   292     MSTEN    BIT   SPI0CN.1 ; SPI 0 MASTER ENABLE
  00FA          +1   293     SLVSEL   BIT   SPI0CN.2 ; SPI 0 SLAVE SELECT
  00FB          +1   294     TXBSY    BIT   SPI0CN.3 ; SPI 0 TX BUSY FLAG
  00FC          +1   295     RXOVRN   BIT   SPI0CN.4 ; SPI 0 RX OVERRUN FLAG
  00FD          +1   296     MODF     BIT   SPI0CN.5 ; SPI 0 MODE FAULT FLAG
  00FE          +1   297     WCOL     BIT   SPI0CN.6 ; SPI 0 WRITE COLLISION FLAG
  00FF          +1   298     SPIF     BIT   SPI0CN.7 ; SPI 0 INTERRUPT FLAG
                     299     ;-----------------------------------------------------------------------------
                     300     ; EQUATES
                     301     ;-----------------------------------------------------------------------------
  0096               302     GREEN_LED      equ   P1.6              ; Port I/O pin connected to Green LED.
                     303     ;-----------------------------------------------------------------------------
                     304     ; Declarations Externes
                     305     ;-----------------------------------------------------------------------------
                     306     ;-----------------------------------------------------------------------------
                     307     ; RESET and INTERRUPT VECTORS
                     308     ;-----------------------------------------------------------------------------
                     309     
                     310                    ; Reset Vector
----                 311                    cseg AT 0          ; SEGMENT Absolu
0000 020000   F      312                    ljmp Main     ; Locate a jump to the start of code at 
                     313                                  ; the reset vector.
                     314     ;-----------------------------------------------------------------------------
                     315     ; DATA SEGMENT
                     316     ;-----------------------------------------------------------------------------
                     317      
                     318     Tab_zone       SEGMENT DATA     
----                 319                    RSEG    Tab_zone  
0000                 320     Table_2:       DS       20
A51 MACRO ASSEMBLER  CODE4_TP2                                                            05/03/2022 12:05:13 PAGE     6

                     321     ;-----------------------------------------------------------------------------
                     322     ; IDATA SEGMENT
                     323     ;--------------------------------------------------------------------------
                     324     seg_stack       SEGMENT IDATA           ; seg_stack goes into IDATA RAM.
----                 325                     RSEG    seg_stack          ; switch to seg_stack segment.
0000                 326                     DS      12              ; reserve 12 bytes in this example.
                     327                                             
                     328     ;-----------------------------------------------------------------------------
                     329     ; CODE SEGMENT
                     330     ;-----------------------------------------------------------------------------
                     331     Prog_base      segment  CODE
                     332     
----                 333                    rseg     Prog_base      ; Switch to this code segment.
                     334                    using    0              ; Specify register bank for the following
                     335                                            ; program code
0000 43504520        336     CPE: db'CPE LYON',0
0004 4C594F4E                
0008 00                      
0009 4269656E        337     ELN3: db'Bienvenue en TP ELN3',0
000D 76656E75                
0011 6520656E                
0015 20545020                
0019 454C4E33                
001D 00                      
                     338             
                     339     ;******************************************************************************
                     340     ; Programme Principal
                     341     ;******************************************************************************
001E                 342     Main:
                     343     
                     344           
001E 75FFDE          345                     mov WDTCN, #0DEh    
0021 75FFAD          346             mov WDTCN, #0ADh
0024 758100   F      347                     mov SP,#seg_stack-1 ; la pile pointe sur le segment stack_seg (20 octets)
                     348             
0027                 349     Main_BCL:       
                     350     ; Essai 1 de SP_Factorial 
0027 7F02            351                     mov  R7,#2
0029 120000   F      352             call SP_Factorial 
002C EF              353             MOV  A,R7
                     354     
                     355     ; Essai 2 de SP_Factorial 
002D 7F05            356                     mov  R7,#5
002F 120000   F      357             call SP_Factorial 
0032 EF              358             MOV  A,R7
                     359                     
                     360     ; Essai 3 de SP_Factorial 
0033 7F0C            361                     mov  R7,#12
0035 120000   F      362             call SP_Factorial 
0038 EF              363             MOV  A,R7               
                     364     
0039                 365     Main_no_carry:          
0039 80EC            366              jmp   Main_BCL
                     367     
                     368     
                     369     
                     370     ;******************************************************************************
                     371     ; Zone réservée aux Sous programmes
                     372     ;******************************************************************************
                     373     
                     374     ;******************************************************************************
                     375     ; SOUS-PROGRAMME SP_Factorial
                     376     ;
                     377     ; Description: Sous-programme de calcul de Factorielle
                     378     ;
                     379     ; Paramčtres d'entrée:  R7: valeur de factorielle ŕ calculer
A51 MACRO ASSEMBLER  CODE4_TP2                                                            05/03/2022 12:05:13 PAGE     7

                     380     ;                                               
                     381     ;     
                     382     ; Paramčtres de sortie: R7 Résultat du calcul de factorielle
                     383     ; Registres modifiés:  ?
                     384     ; Pile: ? octets 
                     385     ;******************************************************************************
                     386     
                     387     ;******************************************************************************   
003B                 388     SP_Factorial:
003B C0D0            389            PUSH PSW
003D C0F0            390                PUSH B
003F C0E0            391                PUSH ACC
0041 EF              392                MOV A,R7
0042 1100     F      393                ACALL Fact
0044 FF              394                MOV R7,A
0045 D0E0            395                POP ACC
0047 D0F0            396                POP B
0049 D0D0            397                POP PSW
004B 22              398                RET
                     399     ;FIN SP SP_Factorial   
                     400     ;******************************************************************************
004C 1F              401     Fact:  DEC R7
004D BF0102          402            CJNE R7,#01,Suit_Fact  ;value of R0 is compared with 1
0050 8006            403            SJMP End_Fact          ;if R0=1, Fin SP Fact
0052                 404     Suit_Fact:
0052 8FF0            405                MOV B,R7
0054 A4              406            MUL AB
0055 1100     F      407            ACALL FACT ;calling back the same function
0057 00              408                NOP
0058                 409     End_Fact:
0058 22              410            RET
                     411     ;FIN SP Fact
                     412     ;******************************************************************************    
                     413     END
A51 MACRO ASSEMBLER  CODE4_TP2                                                            05/03/2022 12:05:13 PAGE     8

SYMBOL TABLE LISTING
------ ----- -------


N A M E             T Y P E  V A L U E   ATTRIBUTES

AA . . . . . . . .  B ADDR   00C0H.2 A   
AC . . . . . . . .  B ADDR   00D0H.6 A   
ACC. . . . . . . .  D ADDR   00E0H   A   
AD0BUSY. . . . . .  B ADDR   00E8H.4 A   
AD0EN. . . . . . .  B ADDR   00E8H.7 A   
AD0INT . . . . . .  B ADDR   00E8H.5 A   
AD0LJST. . . . . .  B ADDR   00E8H.0 A   
AD0STM0. . . . . .  B ADDR   00E8H.2 A   
AD0STM1. . . . . .  B ADDR   00E8H.3 A   
AD0TM. . . . . . .  B ADDR   00E8H.6 A   
AD0WINT. . . . . .  B ADDR   00E8H.1 A   
ADC0CF . . . . . .  D ADDR   00BCH   A   
ADC0CN . . . . . .  D ADDR   00E8H   A   
ADC0GTH. . . . . .  D ADDR   00C5H   A   
ADC0GTL. . . . . .  D ADDR   00C4H   A   
ADC0H. . . . . . .  D ADDR   00BFH   A   
ADC0L. . . . . . .  D ADDR   00BEH   A   
ADC0LTH. . . . . .  D ADDR   00C7H   A   
ADC0LTL. . . . . .  D ADDR   00C6H   A   
ADC1 . . . . . . .  D ADDR   009CH   A   
ADC1CF . . . . . .  D ADDR   00ABH   A   
ADC1CN . . . . . .  D ADDR   00AAH   A   
AMX0CF . . . . . .  D ADDR   00BAH   A   
AMX0SL . . . . . .  D ADDR   00BBH   A   
AMX1SL . . . . . .  D ADDR   00ACH   A   
B. . . . . . . . .  D ADDR   00F0H   A   
CCF0 . . . . . . .  B ADDR   00D8H.0 A   
CCF1 . . . . . . .  B ADDR   00D8H.1 A   
CCF2 . . . . . . .  B ADDR   00D8H.2 A   
CCF3 . . . . . . .  B ADDR   00D8H.3 A   
CCF4 . . . . . . .  B ADDR   00D8H.4 A   
CF . . . . . . . .  B ADDR   00D8H.7 A   
CKCON. . . . . . .  D ADDR   008EH   A   
CPE. . . . . . . .  C ADDR   0000H   R   SEG=PROG_BASE
CPRL2. . . . . . .  B ADDR   00C8H.0 A   
CPT0CN . . . . . .  D ADDR   009EH   A   
CPT1CN . . . . . .  D ADDR   009FH   A   
CR . . . . . . . .  B ADDR   00D8H.6 A   
CT2. . . . . . . .  B ADDR   00C8H.1 A   
CY . . . . . . . .  B ADDR   00D0H.7 A   
DAC0CN . . . . . .  D ADDR   00D4H   A   
DAC0H. . . . . . .  D ADDR   00D3H   A   
DAC0L. . . . . . .  D ADDR   00D2H   A   
DAC1CN . . . . . .  D ADDR   00D7H   A   
DAC1H. . . . . . .  D ADDR   00D6H   A   
DAC1L. . . . . . .  D ADDR   00D5H   A   
DPH. . . . . . . .  D ADDR   0083H   A   
DPL. . . . . . . .  D ADDR   0082H   A   
EA . . . . . . . .  B ADDR   00A8H.7 A   
EIE1 . . . . . . .  D ADDR   00E6H   A   
EIE2 . . . . . . .  D ADDR   00E7H   A   
EIP1 . . . . . . .  D ADDR   00F6H   A   
EIP2 . . . . . . .  D ADDR   00F7H   A   
ELN3 . . . . . . .  C ADDR   0009H   R   SEG=PROG_BASE
EMI0CF . . . . . .  D ADDR   00A3H   A   
EMI0CN . . . . . .  D ADDR   00AFH   A   
EMI0TC . . . . . .  D ADDR   00A1H   A   
END_FACT . . . . .  C ADDR   0058H   R   SEG=PROG_BASE
ENSMB. . . . . . .  B ADDR   00C0H.6 A   
ES . . . . . . . .  B ADDR   00A8H.4 A   
A51 MACRO ASSEMBLER  CODE4_TP2                                                            05/03/2022 12:05:13 PAGE     9

ET0. . . . . . . .  B ADDR   00A8H.1 A   
ET1. . . . . . . .  B ADDR   00A8H.3 A   
ET2. . . . . . . .  B ADDR   00A8H.5 A   
EX0. . . . . . . .  B ADDR   00A8H.0 A   
EX1. . . . . . . .  B ADDR   00A8H.2 A   
EXEN2. . . . . . .  B ADDR   00C8H.3 A   
EXF2 . . . . . . .  B ADDR   00C8H.6 A   
F0 . . . . . . . .  B ADDR   00D0H.5 A   
F1 . . . . . . . .  B ADDR   00D0H.1 A   
FACT . . . . . . .  C ADDR   004CH   R   SEG=PROG_BASE
FLACL. . . . . . .  D ADDR   00B7H   A   
FLSCL. . . . . . .  D ADDR   00B6H   A   
GREEN_LED. . . . .  B ADDR   0090H.6 A   
IE . . . . . . . .  D ADDR   00A8H   A   
IE0. . . . . . . .  B ADDR   0088H.1 A   
IE1. . . . . . . .  B ADDR   0088H.3 A   
IP . . . . . . . .  D ADDR   00B8H   A   
IT0. . . . . . . .  B ADDR   0088H.0 A   
IT1. . . . . . . .  B ADDR   0088H.2 A   
MAIN . . . . . . .  C ADDR   001EH   R   SEG=PROG_BASE
MAIN_BCL . . . . .  C ADDR   0027H   R   SEG=PROG_BASE
MAIN_NO_CARRY. . .  C ADDR   0039H   R   SEG=PROG_BASE
MODF . . . . . . .  B ADDR   00F8H.5 A   
MSTEN. . . . . . .  B ADDR   00F8H.1 A   
OSCICN . . . . . .  D ADDR   00B2H   A   
OSCXCN . . . . . .  D ADDR   00B1H   A   
OV . . . . . . . .  B ADDR   00D0H.2 A   
P. . . . . . . . .  B ADDR   00D0H.0 A   
P0 . . . . . . . .  D ADDR   0080H   A   
P0MDOUT. . . . . .  D ADDR   00A4H   A   
P1 . . . . . . . .  D ADDR   0090H   A   
P1MDIN . . . . . .  D ADDR   00BDH   A   
P1MDOUT. . . . . .  D ADDR   00A5H   A   
P2 . . . . . . . .  D ADDR   00A0H   A   
P2MDOUT. . . . . .  D ADDR   00A6H   A   
P3 . . . . . . . .  D ADDR   00B0H   A   
P3IF . . . . . . .  D ADDR   00ADH   A   
P3MDOUT. . . . . .  D ADDR   00A7H   A   
P4 . . . . . . . .  D ADDR   0084H   A   
P5 . . . . . . . .  D ADDR   0085H   A   
P6 . . . . . . . .  D ADDR   0086H   A   
P7 . . . . . . . .  D ADDR   0096H   A   
P74OUT . . . . . .  D ADDR   00B5H   A   
PCA0CN . . . . . .  D ADDR   00D8H   A   
PCA0CPH0 . . . . .  D ADDR   00FAH   A   
PCA0CPH1 . . . . .  D ADDR   00FBH   A   
PCA0CPH2 . . . . .  D ADDR   00FCH   A   
PCA0CPH3 . . . . .  D ADDR   00FDH   A   
PCA0CPH4 . . . . .  D ADDR   00FEH   A   
PCA0CPL0 . . . . .  D ADDR   00EAH   A   
PCA0CPL1 . . . . .  D ADDR   00EBH   A   
PCA0CPL2 . . . . .  D ADDR   00ECH   A   
PCA0CPL3 . . . . .  D ADDR   00EDH   A   
PCA0CPL4 . . . . .  D ADDR   00EEH   A   
PCA0CPM0 . . . . .  D ADDR   00DAH   A   
PCA0CPM1 . . . . .  D ADDR   00DBH   A   
PCA0CPM2 . . . . .  D ADDR   00DCH   A   
PCA0CPM3 . . . . .  D ADDR   00DDH   A   
PCA0CPM4 . . . . .  D ADDR   00DEH   A   
PCA0H. . . . . . .  D ADDR   00F9H   A   
PCA0L. . . . . . .  D ADDR   00E9H   A   
PCA0MD . . . . . .  D ADDR   00D9H   A   
PCON . . . . . . .  D ADDR   0087H   A   
PROG_BASE. . . . .  C SEG    0059H       REL=UNIT
PS . . . . . . . .  B ADDR   00B8H.4 A   
PSCTL. . . . . . .  D ADDR   008FH   A   
A51 MACRO ASSEMBLER  CODE4_TP2                                                            05/03/2022 12:05:13 PAGE    10

PSW. . . . . . . .  D ADDR   00D0H   A   
PT0. . . . . . . .  B ADDR   00B8H.1 A   
PT1. . . . . . . .  B ADDR   00B8H.3 A   
PT2. . . . . . . .  B ADDR   00B8H.5 A   
PX0. . . . . . . .  B ADDR   00B8H.0 A   
PX1. . . . . . . .  B ADDR   00B8H.2 A   
RB8. . . . . . . .  B ADDR   0098H.2 A   
RCAP2H . . . . . .  D ADDR   00CBH   A   
RCAP2L . . . . . .  D ADDR   00CAH   A   
RCAP4H . . . . . .  D ADDR   00E5H   A   
RCAP4L . . . . . .  D ADDR   00E4H   A   
RCLK . . . . . . .  B ADDR   00C8H.5 A   
REF0CN . . . . . .  D ADDR   00D1H   A   
REN. . . . . . . .  B ADDR   0098H.4 A   
RI . . . . . . . .  B ADDR   0098H.0 A   
RS0. . . . . . . .  B ADDR   00D0H.3 A   
RS1. . . . . . . .  B ADDR   00D0H.4 A   
RSTSRC . . . . . .  D ADDR   00EFH   A   
RXOVRN . . . . . .  B ADDR   00F8H.4 A   
SADDR0 . . . . . .  D ADDR   00A9H   A   
SADDR1 . . . . . .  D ADDR   00F3H   A   
SADEN0 . . . . . .  D ADDR   00B9H   A   
SADEN1 . . . . . .  D ADDR   00AEH   A   
SBUF0. . . . . . .  D ADDR   0099H   A   
SBUF1. . . . . . .  D ADDR   00F2H   A   
SCON0. . . . . . .  D ADDR   0098H   A   
SCON1. . . . . . .  D ADDR   00F1H   A   
SEG_STACK. . . . .  I SEG    000CH       REL=UNIT
SI . . . . . . . .  B ADDR   00C0H.3 A   
SLVSEL . . . . . .  B ADDR   00F8H.2 A   
SM0. . . . . . . .  B ADDR   0098H.7 A   
SM1. . . . . . . .  B ADDR   0098H.6 A   
SM2. . . . . . . .  B ADDR   0098H.5 A   
SMB0ADR. . . . . .  D ADDR   00C3H   A   
SMB0CN . . . . . .  D ADDR   00C0H   A   
SMB0CR . . . . . .  D ADDR   00CFH   A   
SMB0DAT. . . . . .  D ADDR   00C2H   A   
SMB0STA. . . . . .  D ADDR   00C1H   A   
SMBFTE . . . . . .  B ADDR   00C0H.1 A   
SMBTOE . . . . . .  B ADDR   00C0H.0 A   
SP . . . . . . . .  D ADDR   0081H   A   
SPI0CFG. . . . . .  D ADDR   009AH   A   
SPI0CKR. . . . . .  D ADDR   009DH   A   
SPI0CN . . . . . .  D ADDR   00F8H   A   
SPI0DAT. . . . . .  D ADDR   009BH   A   
SPIEN. . . . . . .  B ADDR   00F8H.0 A   
SPIF . . . . . . .  B ADDR   00F8H.7 A   
SP_FACTORIAL . . .  C ADDR   003BH   R   SEG=PROG_BASE
STA. . . . . . . .  B ADDR   00C0H.5 A   
STO. . . . . . . .  B ADDR   00C0H.4 A   
SUIT_FACT. . . . .  C ADDR   0052H   R   SEG=PROG_BASE
T2CON. . . . . . .  D ADDR   00C8H   A   
T4CON. . . . . . .  D ADDR   00C9H   A   
TABLE_2. . . . . .  D ADDR   0000H   R   SEG=TAB_ZONE
TAB_ZONE . . . . .  D SEG    0014H       REL=UNIT
TB8. . . . . . . .  B ADDR   0098H.3 A   
TCLK . . . . . . .  B ADDR   00C8H.4 A   
TCON . . . . . . .  D ADDR   0088H   A   
TF0. . . . . . . .  B ADDR   0088H.5 A   
TF1. . . . . . . .  B ADDR   0088H.7 A   
TF2. . . . . . . .  B ADDR   00C8H.7 A   
TH0. . . . . . . .  D ADDR   008CH   A   
TH1. . . . . . . .  D ADDR   008DH   A   
TH2. . . . . . . .  D ADDR   00CDH   A   
TH4. . . . . . . .  D ADDR   00F5H   A   
TI . . . . . . . .  B ADDR   0098H.1 A   
A51 MACRO ASSEMBLER  CODE4_TP2                                                            05/03/2022 12:05:13 PAGE    11

TL0. . . . . . . .  D ADDR   008AH   A   
TL1. . . . . . . .  D ADDR   008BH   A   
TL2. . . . . . . .  D ADDR   00CCH   A   
TL4. . . . . . . .  D ADDR   00F4H   A   
TMOD . . . . . . .  D ADDR   0089H   A   
TMR3CN . . . . . .  D ADDR   0091H   A   
TMR3H. . . . . . .  D ADDR   0095H   A   
TMR3L. . . . . . .  D ADDR   0094H   A   
TMR3RLH. . . . . .  D ADDR   0093H   A   
TMR3RLL. . . . . .  D ADDR   0092H   A   
TR0. . . . . . . .  B ADDR   0088H.4 A   
TR1. . . . . . . .  B ADDR   0088H.6 A   
TR2. . . . . . . .  B ADDR   00C8H.2 A   
TXBSY. . . . . . .  B ADDR   00F8H.3 A   
WCOL . . . . . . .  B ADDR   00F8H.6 A   
WDTCN. . . . . . .  D ADDR   00FFH   A   
XBR0 . . . . . . .  D ADDR   00E1H   A   
XBR1 . . . . . . .  D ADDR   00E2H   A   
XBR2 . . . . . . .  D ADDR   00E3H   A   


REGISTER BANK(S) USED: 0 


ASSEMBLY COMPLETE.  0 WARNING(S), 0 ERROR(S)
