C51 COMPILER V9.60.0.0   TP1_BSE_MAIN                                                      11/16/2022 08:27:48 PAGE 1   


C51 COMPILER V9.60.0.0, COMPILATION OF MODULE TP1_BSE_MAIN
OBJECT MODULE PLACED IN TP1_BSE_Main.OBJ
COMPILER INVOKED BY: C:\Keil_v5\C51\BIN\C51.EXE TP1_BSE_Main.c OPTIMIZE(0,SPEED) BROWSE DEBUG OBJECTEXTEND TABS(2)

line level    source

   1          //-----------------------------------------------------------------------------
   2          // TP1_BSE.c
   3          //-----------------------------------------------------------------------------
   4          // AUTH: 
   5          // DATE: 
   6          //
   7          // Target: C8051F02x
   8          // Tool chain: KEIL Microvision5
   9          //
  10          //-----------------------------------------------------------------------------
  11          // Déclarations Registres et Bits de l'espace SFR
  12          #include "intrins.h"
  13          #include<c8051F020.h>
  14          #include<c8051F020_SFR16.h>
  15          #include<TP1_BSE_Lib_Config_Globale.h>
  16          #include<TP1_BSE_Lib_Divers.h>
  17          
  18          #define LED_ON 1
  19          #define LED_OFF 0
  20          
  21          sbit LED = P1^6;  // LED
  22          
  23          //------------------------------------------------------------------------------------
  24          // Function Prototypes
  25          
  26          //------------------------------------------------------------------------------------
  27          //------------------------------------------------------------------------------------
  28          
  29          //-----------------------------------------------------------------------------
  30          // MAIN Routine
  31          //-----------------------------------------------------------------------------
  32          void main (void) {
  33   1        
  34   1              Init_Device();
  35   1        
  36   1              while(1)
  37   1              {  
  38   2                   LED = LED_ON;
  39   2                   Software_Delay(2); // Allumaghe 20ms
  40   2                   LED = LED_OFF;
  41   2                   Software_Delay(10); // Extinction 100ms             
  42   2              }                           
  43   1            }
  44          //*****************************************************************************  


MODULE INFORMATION:   STATIC OVERLAYABLE
   CODE SIZE        =     24    ----
   CONSTANT SIZE    =   ----    ----
   XDATA SIZE       =   ----    ----
   PDATA SIZE       =   ----    ----
   DATA SIZE        =   ----    ----
   IDATA SIZE       =   ----    ----
   BIT SIZE         =   ----    ----
END OF MODULE INFORMATION.

C51 COMPILER V9.60.0.0   TP1_BSE_MAIN                                                      11/16/2022 08:27:48 PAGE 2   


C51 COMPILATION COMPLETE.  0 WARNING(S),  0 ERROR(S)
